# JRE version: Java(TM) SE Runtime Environment (17.0.12+8) (build 17.0.12+8-LTS-286)
# Java VM: Java HotSpot(TM) 64-Bit Server VM (17.0.12+8-LTS-286, mixed mode, sharing, tiered, compressed oops, compressed class ptrs, g1 gc, windows-amd64)
GC Precious Log:
 CPUs: 8 total, 8 available
 Memory: 7975M
 Large Page Support: Disabled
 NUMA Support: Disabled
 Compressed Oops: Enabled (32-bit)
 Heap Region Size: 1M
 Heap Min Capacity: 8M
 Heap Initial Capacity: 126M
 Heap Max Capacity: 2G
 Pre-touch: Disabled
 Parallel Workers: 8
 Concurrent Workers: 2
 Concurrent Refinement Workers: 8
 Periodic GC: Disabled
Heap:
 garbage-first heap   total 285696K, used 162133K [0x0000000080000000, 0x0000000100000000)
  region size 1024K, 10 young (10240K), 10 survivors (10240K)
 Metaspace       used 121484K, committed 122752K, reserved 557056K
  class space    used 16586K, committed 17216K, reserved 425984K
GC Heap History (20 events):
Event: 19.927 GC heap after
{Heap after GC invocations=43 (full 0):
 garbage-first heap   total 243712K, used 143673K [0x0000000080000000, 0x0000000100000000)
  region size 1024K, 5 young (5120K), 5 survivors (5120K)
 Metaspace       used 113936K, committed 114944K, reserved 557056K
  class space    used 15753K, committed 16256K, reserved 425984K
}
Event: 20.240 GC heap before
{Heap before GC invocations=43 (full 0):
 garbage-first heap   total 243712K, used 202041K [0x0000000080000000, 0x0000000100000000)
  region size 1024K, 63 young (64512K), 5 survivors (5120K)
 Metaspace       used 114090K, committed 115200K, reserved 557056K
  class space    used 15768K, committed 16320K, reserved 425984K
}
Event: 20.244 GC heap after
{Heap after GC invocations=44 (full 0):
 garbage-first heap   total 243712K, used 146407K [0x0000000080000000, 0x0000000100000000)
  region size 1024K, 7 young (7168K), 7 survivors (7168K)
 Metaspace       used 114090K, committed 115200K, reserved 557056K
  class space    used 15768K, committed 16320K, reserved 425984K
}
Event: 20.577 GC heap before
{Heap before GC invocations=44 (full 0):
 garbage-first heap   total 243712K, used 202727K [0x0000000080000000, 0x0000000100000000)
  region size 1024K, 63 young (64512K), 7 survivors (7168K)
 Metaspace       used 114249K, committed 115392K, reserved 557056K
  class space    used 15784K, committed 16320K, reserved 425984K
}
Event: 20.582 GC heap after
{Heap after GC invocations=45 (full 0):
 garbage-first heap   total 243712K, used 148916K [0x0000000080000000, 0x0000000100000000)
  region size 1024K, 6 young (6144K), 6 survivors (6144K)
 Metaspace       used 114249K, committed 115392K, reserved 557056K
  class space    used 15784K, committed 16320K, reserved 425984K
}
Event: 20.747 GC heap before
{Heap before GC invocations=45 (full 0):
 garbage-first heap   total 243712K, used 202164K [0x0000000080000000, 0x0000000100000000)
  region size 1024K, 59 young (60416K), 6 survivors (6144K)
 Metaspace       used 114300K, committed 115392K, reserved 557056K
  class space    used 15785K, committed 16320K, reserved 425984K
}
Event: 20.751 GC heap after
{Heap after GC invocations=46 (full 0):
 garbage-first heap   total 243712K, used 150954K [0x0000000080000000, 0x0000000100000000)
  region size 1024K, 5 young (5120K), 5 survivors (5120K)
 Metaspace       used 114300K, committed 115392K, reserved 557056K
  class space    used 15785K, committed 16320K, reserved 425984K
}
Event: 21.202 GC heap before
{Heap before GC invocations=46 (full 0):
 garbage-first heap   total 243712K, used 205226K [0x0000000080000000, 0x0000000100000000)
  region size 1024K, 55 young (56320K), 5 survivors (5120K)
 Metaspace       used 117003K, committed 118080K, reserved 557056K
  class space    used 16024K, committed 16576K, reserved 425984K
}
Event: 21.207 GC heap after
{Heap after GC invocations=47 (full 0):
 garbage-first heap   total 243712K, used 153047K [0x0000000080000000, 0x0000000100000000)
  region size 1024K, 4 young (4096K), 4 survivors (4096K)
 Metaspace       used 117003K, committed 118080K, reserved 557056K
  class space    used 16024K, committed 16576K, reserved 425984K
}
Event: 28.722 GC heap before
{Heap before GC invocations=48 (full 0):
 garbage-first heap   total 261120K, used 200151K [0x0000000080000000, 0x0000000100000000)
  region size 1024K, 54 young (55296K), 4 survivors (4096K)
 Metaspace       used 119025K, committed 120256K, reserved 557056K
  class space    used 16344K, committed 16960K, reserved 425984K
}
Event: 28.727 GC heap after
{Heap after GC invocations=49 (full 0):
 garbage-first heap   total 261120K, used 152617K [0x0000000080000000, 0x0000000100000000)
  region size 1024K, 7 young (7168K), 7 survivors (7168K)
 Metaspace       used 119025K, committed 120256K, reserved 557056K
  class space    used 16344K, committed 16960K, reserved 425984K
}
Event: 28.760 GC heap before
{Heap before GC invocations=49 (full 0):
 garbage-first heap   total 261120K, used 156713K [0x0000000080000000, 0x0000000100000000)
  region size 1024K, 12 young (12288K), 7 survivors (7168K)
 Metaspace       used 119151K, committed 120384K, reserved 557056K
  class space    used 16365K, committed 16960K, reserved 425984K
}
Event: 28.767 GC heap after
{Heap after GC invocations=50 (full 0):
 garbage-first heap   total 261120K, used 147285K [0x0000000080000000, 0x0000000100000000)
  region size 1024K, 2 young (2048K), 2 survivors (2048K)
 Metaspace       used 119151K, committed 120384K, reserved 557056K
  class space    used 16365K, committed 16960K, reserved 425984K
}
Event: 953.282 GC heap before
{Heap before GC invocations=50 (full 0):
 garbage-first heap   total 261120K, used 215893K [0x0000000080000000, 0x0000000100000000)
  region size 1024K, 69 young (70656K), 2 survivors (2048K)
 Metaspace       used 120464K, committed 121728K, reserved 557056K
  class space    used 16543K, committed 17152K, reserved 425984K
}
Event: 953.420 GC heap after
{Heap after GC invocations=51 (full 0):
 garbage-first heap   total 261120K, used 148873K [0x0000000080000000, 0x0000000100000000)
  region size 1024K, 4 young (4096K), 4 survivors (4096K)
 Metaspace       used 120464K, committed 121728K, reserved 557056K
  class space    used 16543K, committed 17152K, reserved 425984K
}
Event: 955.263 GC heap before
{Heap before GC invocations=52 (full 0):
 garbage-first heap   total 285696K, used 217481K [0x0000000080000000, 0x0000000100000000)
  region size 1024K, 70 young (71680K), 4 survivors (4096K)
 Metaspace       used 121031K, committed 122304K, reserved 557056K
  class space    used 16566K, committed 17216K, reserved 425984K
}
Event: 955.284 GC heap after
{Heap after GC invocations=53 (full 0):
 garbage-first heap   total 285696K, used 156672K [0x0000000080000000, 0x0000000100000000)
  region size 1024K, 9 young (9216K), 9 survivors (9216K)
 Metaspace       used 121031K, committed 122304K, reserved 557056K
  class space    used 16566K, committed 17216K, reserved 425984K
}
Event: 955.297 GC heap before
{Heap before GC invocations=53 (full 0):
 garbage-first heap   total 285696K, used 160768K [0x0000000080000000, 0x0000000100000000)
  region size 1024K, 13 young (13312K), 9 survivors (9216K)
 Metaspace       used 121040K, committed 122304K, reserved 557056K
  class space    used 16566K, committed 17216K, reserved 425984K
}
Event: 955.329 GC heap after
{Heap after GC invocations=54 (full 0):
 garbage-first heap   total 285696K, used 154452K [0x0000000080000000, 0x0000000100000000)
  region size 1024K, 2 young (2048K), 2 survivors (2048K)
 Metaspace       used 121040K, committed 122304K, reserved 557056K
  class space    used 16566K, committed 17216K, reserved 425984K
}
Event: 956.263 GC heap before
{Heap before GC invocations=54 (full 0):
 garbage-first heap   total 285696K, used 234324K [0x0000000080000000, 0x0000000100000000)
  region size 1024K, 81 young (82944K), 2 survivors (2048K)
 Metaspace       used 121484K, committed 122752K, reserved 557056K
  class space    used 16586K, committed 17216K, reserved 425984K
}

